Grammar

    0 $accept: input $end

    1 input: %empty
    2      | input line

    3 line: HEADER INFO COLON line_info
    4     | HEADER IDENTIFIER COMMA LINE INT_OPERAND SEMICOLON WARNING
    5     | HEADER WARNING

    6 line_info: function_name
    7          | function_info
    8          | gmem_info

    9 function_name: FUNC QUOTE IDENTIFIER QUOTE
   10              | FUNC QUOTE IDENTIFIER QUOTE FOR QUOTE IDENTIFIER QUOTE

   11 function_info: info
   12              | function_info COMMA info

   13 gmem_info: INT_OPERAND BYTES GMEM

   14 info: USED INT_OPERAND REGS
   15     | tuple LMEM
   16     | tuple SMEM
   17     | INT_OPERAND BYTES CMEM LEFT_SQUARE_BRACKET INT_OPERAND RIGHT_SQUARE_BRACKET
   18     | INT_OPERAND BYTES LMEM
   19     | INT_OPERAND BYTES SMEM
   20     | INT_OPERAND BYTES CMEM
   21     | INT_OPERAND REGS

   22 tuple: INT_OPERAND PLUS INT_OPERAND BYTES


Terminals, with rules where they appear

$end (0) 0
error (256)
INT_OPERAND (258) 4 13 14 17 18 19 20 21 22
HEADER (259) 3 4 5
INFO (260) 3
FUNC (261) 9 10
USED (262) 14
REGS (263) 14 21
BYTES (264) 13 17 18 19 20 22
LMEM (265) 15 18
SMEM (266) 16 19
CMEM (267) 17 20
GMEM (268) 13
IDENTIFIER (269) 4 9 10
PLUS (270) 22
COMMA (271) 4 12
LEFT_SQUARE_BRACKET (272) 17
RIGHT_SQUARE_BRACKET (273) 17
COLON (274) 3
SEMICOLON (275) 4
QUOTE (276) 9 10
LINE (277) 4
WARNING (278) 4 5
FOR (279) 10


Nonterminals, with rules where they appear

$accept (25)
    on left: 0
input (26)
    on left: 1 2, on right: 0 2
line (27)
    on left: 3 4 5, on right: 2
line_info (28)
    on left: 6 7 8, on right: 3
function_name (29)
    on left: 9 10, on right: 6
function_info (30)
    on left: 11 12, on right: 7 12
gmem_info (31)
    on left: 13, on right: 8
info (32)
    on left: 14 15 16 17 18 19 20 21, on right: 11 12
tuple (33)
    on left: 22, on right: 15 16


State 0

    0 $accept: . input $end

    $default  reduce using rule 1 (input)

    input  go to state 1


State 1

    0 $accept: input . $end
    2 input: input . line

    $end    shift, and go to state 2
    HEADER  shift, and go to state 3

    line  go to state 4


State 2

    0 $accept: input $end .

    $default  accept


State 3

    3 line: HEADER . INFO COLON line_info
    4     | HEADER . IDENTIFIER COMMA LINE INT_OPERAND SEMICOLON WARNING
    5     | HEADER . WARNING

    INFO        shift, and go to state 5
    IDENTIFIER  shift, and go to state 6
    WARNING     shift, and go to state 7


State 4

    2 input: input line .

    $default  reduce using rule 2 (input)


State 5

    3 line: HEADER INFO . COLON line_info

    COLON  shift, and go to state 8


State 6

    4 line: HEADER IDENTIFIER . COMMA LINE INT_OPERAND SEMICOLON WARNING

    COMMA  shift, and go to state 9


State 7

    5 line: HEADER WARNING .

    $default  reduce using rule 5 (line)


State 8

    3 line: HEADER INFO COLON . line_info

    INT_OPERAND  shift, and go to state 10
    FUNC         shift, and go to state 11
    USED         shift, and go to state 12

    line_info      go to state 13
    function_name  go to state 14
    function_info  go to state 15
    gmem_info      go to state 16
    info           go to state 17
    tuple          go to state 18


State 9

    4 line: HEADER IDENTIFIER COMMA . LINE INT_OPERAND SEMICOLON WARNING

    LINE  shift, and go to state 19


State 10

   13 gmem_info: INT_OPERAND . BYTES GMEM
   17 info: INT_OPERAND . BYTES CMEM LEFT_SQUARE_BRACKET INT_OPERAND RIGHT_SQUARE_BRACKET
   18     | INT_OPERAND . BYTES LMEM
   19     | INT_OPERAND . BYTES SMEM
   20     | INT_OPERAND . BYTES CMEM
   21     | INT_OPERAND . REGS
   22 tuple: INT_OPERAND . PLUS INT_OPERAND BYTES

    REGS   shift, and go to state 20
    BYTES  shift, and go to state 21
    PLUS   shift, and go to state 22


State 11

    9 function_name: FUNC . QUOTE IDENTIFIER QUOTE
   10              | FUNC . QUOTE IDENTIFIER QUOTE FOR QUOTE IDENTIFIER QUOTE

    QUOTE  shift, and go to state 23


State 12

   14 info: USED . INT_OPERAND REGS

    INT_OPERAND  shift, and go to state 24


State 13

    3 line: HEADER INFO COLON line_info .

    $default  reduce using rule 3 (line)


State 14

    6 line_info: function_name .

    $default  reduce using rule 6 (line_info)


State 15

    7 line_info: function_info .
   12 function_info: function_info . COMMA info

    COMMA  shift, and go to state 25

    $default  reduce using rule 7 (line_info)


State 16

    8 line_info: gmem_info .

    $default  reduce using rule 8 (line_info)


State 17

   11 function_info: info .

    $default  reduce using rule 11 (function_info)


State 18

   15 info: tuple . LMEM
   16     | tuple . SMEM

    LMEM  shift, and go to state 26
    SMEM  shift, and go to state 27


State 19

    4 line: HEADER IDENTIFIER COMMA LINE . INT_OPERAND SEMICOLON WARNING

    INT_OPERAND  shift, and go to state 28


State 20

   21 info: INT_OPERAND REGS .

    $default  reduce using rule 21 (info)


State 21

   13 gmem_info: INT_OPERAND BYTES . GMEM
   17 info: INT_OPERAND BYTES . CMEM LEFT_SQUARE_BRACKET INT_OPERAND RIGHT_SQUARE_BRACKET
   18     | INT_OPERAND BYTES . LMEM
   19     | INT_OPERAND BYTES . SMEM
   20     | INT_OPERAND BYTES . CMEM

    LMEM  shift, and go to state 29
    SMEM  shift, and go to state 30
    CMEM  shift, and go to state 31
    GMEM  shift, and go to state 32


State 22

   22 tuple: INT_OPERAND PLUS . INT_OPERAND BYTES

    INT_OPERAND  shift, and go to state 33


State 23

    9 function_name: FUNC QUOTE . IDENTIFIER QUOTE
   10              | FUNC QUOTE . IDENTIFIER QUOTE FOR QUOTE IDENTIFIER QUOTE

    IDENTIFIER  shift, and go to state 34


State 24

   14 info: USED INT_OPERAND . REGS

    REGS  shift, and go to state 35


State 25

   12 function_info: function_info COMMA . info

    INT_OPERAND  shift, and go to state 36
    USED         shift, and go to state 12

    info   go to state 37
    tuple  go to state 18


State 26

   15 info: tuple LMEM .

    $default  reduce using rule 15 (info)


State 27

   16 info: tuple SMEM .

    $default  reduce using rule 16 (info)


State 28

    4 line: HEADER IDENTIFIER COMMA LINE INT_OPERAND . SEMICOLON WARNING

    SEMICOLON  shift, and go to state 38


State 29

   18 info: INT_OPERAND BYTES LMEM .

    $default  reduce using rule 18 (info)


State 30

   19 info: INT_OPERAND BYTES SMEM .

    $default  reduce using rule 19 (info)


State 31

   17 info: INT_OPERAND BYTES CMEM . LEFT_SQUARE_BRACKET INT_OPERAND RIGHT_SQUARE_BRACKET
   20     | INT_OPERAND BYTES CMEM .

    LEFT_SQUARE_BRACKET  shift, and go to state 39

    $default  reduce using rule 20 (info)


State 32

   13 gmem_info: INT_OPERAND BYTES GMEM .

    $default  reduce using rule 13 (gmem_info)


State 33

   22 tuple: INT_OPERAND PLUS INT_OPERAND . BYTES

    BYTES  shift, and go to state 40


State 34

    9 function_name: FUNC QUOTE IDENTIFIER . QUOTE
   10              | FUNC QUOTE IDENTIFIER . QUOTE FOR QUOTE IDENTIFIER QUOTE

    QUOTE  shift, and go to state 41


State 35

   14 info: USED INT_OPERAND REGS .

    $default  reduce using rule 14 (info)


State 36

   17 info: INT_OPERAND . BYTES CMEM LEFT_SQUARE_BRACKET INT_OPERAND RIGHT_SQUARE_BRACKET
   18     | INT_OPERAND . BYTES LMEM
   19     | INT_OPERAND . BYTES SMEM
   20     | INT_OPERAND . BYTES CMEM
   21     | INT_OPERAND . REGS
   22 tuple: INT_OPERAND . PLUS INT_OPERAND BYTES

    REGS   shift, and go to state 20
    BYTES  shift, and go to state 42
    PLUS   shift, and go to state 22


State 37

   12 function_info: function_info COMMA info .

    $default  reduce using rule 12 (function_info)


State 38

    4 line: HEADER IDENTIFIER COMMA LINE INT_OPERAND SEMICOLON . WARNING

    WARNING  shift, and go to state 43


State 39

   17 info: INT_OPERAND BYTES CMEM LEFT_SQUARE_BRACKET . INT_OPERAND RIGHT_SQUARE_BRACKET

    INT_OPERAND  shift, and go to state 44


State 40

   22 tuple: INT_OPERAND PLUS INT_OPERAND BYTES .

    $default  reduce using rule 22 (tuple)


State 41

    9 function_name: FUNC QUOTE IDENTIFIER QUOTE .
   10              | FUNC QUOTE IDENTIFIER QUOTE . FOR QUOTE IDENTIFIER QUOTE

    FOR  shift, and go to state 45

    $default  reduce using rule 9 (function_name)


State 42

   17 info: INT_OPERAND BYTES . CMEM LEFT_SQUARE_BRACKET INT_OPERAND RIGHT_SQUARE_BRACKET
   18     | INT_OPERAND BYTES . LMEM
   19     | INT_OPERAND BYTES . SMEM
   20     | INT_OPERAND BYTES . CMEM

    LMEM  shift, and go to state 29
    SMEM  shift, and go to state 30
    CMEM  shift, and go to state 31


State 43

    4 line: HEADER IDENTIFIER COMMA LINE INT_OPERAND SEMICOLON WARNING .

    $default  reduce using rule 4 (line)


State 44

   17 info: INT_OPERAND BYTES CMEM LEFT_SQUARE_BRACKET INT_OPERAND . RIGHT_SQUARE_BRACKET

    RIGHT_SQUARE_BRACKET  shift, and go to state 46


State 45

   10 function_name: FUNC QUOTE IDENTIFIER QUOTE FOR . QUOTE IDENTIFIER QUOTE

    QUOTE  shift, and go to state 47


State 46

   17 info: INT_OPERAND BYTES CMEM LEFT_SQUARE_BRACKET INT_OPERAND RIGHT_SQUARE_BRACKET .

    $default  reduce using rule 17 (info)


State 47

   10 function_name: FUNC QUOTE IDENTIFIER QUOTE FOR QUOTE . IDENTIFIER QUOTE

    IDENTIFIER  shift, and go to state 48


State 48

   10 function_name: FUNC QUOTE IDENTIFIER QUOTE FOR QUOTE IDENTIFIER . QUOTE

    QUOTE  shift, and go to state 49


State 49

   10 function_name: FUNC QUOTE IDENTIFIER QUOTE FOR QUOTE IDENTIFIER QUOTE .

    $default  reduce using rule 10 (function_name)
